# JRE version: Java(TM) SE Runtime Environment (8.0_60-b27) (build 1.8.0_60-b27)
# Java VM: Java HotSpot(TM) 64-Bit Server VM (25.60-b23 mixed mode windows-amd64 compressed oops)
Heap:
 PSYoungGen      total 423936K, used 107108K [0x00000000e0000000, 0x00000000fbd80000, 0x0000000100000000)
  eden space 404992K, 21% used [0x00000000e0000000,0x00000000e561b738,0x00000000f8b80000)
  from space 18944K, 99% used [0x00000000fa600000,0x00000000fb87d9d0,0x00000000fb880000)
  to   space 25600K, 0% used [0x00000000f8b80000,0x00000000f8b80000,0x00000000fa480000)
 ParOldGen       total 100352K, used 28478K [0x00000000a0000000, 0x00000000a6200000, 0x00000000e0000000)
  object space 100352K, 28% used [0x00000000a0000000,0x00000000a1bcf810,0x00000000a6200000)
 Metaspace       used 55586K, capacity 57476K, committed 57856K, reserved 1099776K
  class space    used 7663K, capacity 8103K, committed 8192K, reserved 1048576K
GC Heap History (10 events):
Event: 6.268 GC heap before
{Heap before GC invocations=6 (full 1):
 PSYoungGen      total 131072K, used 130664K [0x00000000e0000000, 0x00000000e9200000, 0x0000000100000000)
  eden space 123392K, 100% used [0x00000000e0000000,0x00000000e7880000,0x00000000e7880000)
  from space 7680K, 94% used [0x00000000e8a80000,0x00000000e919a150,0x00000000e9200000)
  to   space 10752K, 0% used [0x00000000e7d00000,0x00000000e7d00000,0x00000000e8780000)
 ParOldGen       total 80896K, used 6911K [0x00000000a0000000, 0x00000000a4f00000, 0x00000000e0000000)
  object space 80896K, 8% used [0x00000000a0000000,0x00000000a06bfc48,0x00000000a4f00000)
 Metaspace       used 32983K, capacity 33720K, committed 34048K, reserved 1079296K
  class space    used 4581K, capacity 4797K, committed 4864K, reserved 1048576K
Event: 6.294 GC heap after
Heap after GC invocations=6 (full 1):
 PSYoungGen      total 138752K, used 10728K [0x00000000e0000000, 0x00000000efb80000, 0x0000000100000000)
  eden space 128000K, 0% used [0x00000000e0000000,0x00000000e0000000,0x00000000e7d00000)
  from space 10752K, 99% used [0x00000000e7d00000,0x00000000e877a028,0x00000000e8780000)
  to   space 14336K, 0% used [0x00000000eed80000,0x00000000eed80000,0x00000000efb80000)
 ParOldGen       total 80896K, used 8422K [0x00000000a0000000, 0x00000000a4f00000, 0x00000000e0000000)
  object space 80896K, 10% used [0x00000000a0000000,0x00000000a08398d8,0x00000000a4f00000)
 Metaspace       used 32983K, capacity 33720K, committed 34048K, reserved 1079296K
  class space    used 4581K, capacity 4797K, committed 4864K, reserved 1048576K
}
Event: 6.442 GC heap before
{Heap before GC invocations=7 (full 1):
 PSYoungGen      total 138752K, used 15092K [0x00000000e0000000, 0x00000000efb80000, 0x0000000100000000)
  eden space 128000K, 3% used [0x00000000e0000000,0x00000000e0443340,0x00000000e7d00000)
  from space 10752K, 99% used [0x00000000e7d00000,0x00000000e877a028,0x00000000e8780000)
  to   space 14336K, 0% used [0x00000000eed80000,0x00000000eed80000,0x00000000efb80000)
 ParOldGen       total 80896K, used 8422K [0x00000000a0000000, 0x00000000a4f00000, 0x00000000e0000000)
  object space 80896K, 10% used [0x00000000a0000000,0x00000000a08398d8,0x00000000a4f00000)
 Metaspace       used 34426K, capacity 35140K, committed 35416K, reserved 1079296K
  class space    used 4801K, capacity 5018K, committed 5120K, reserved 1048576K
Event: 6.460 GC heap after
Heap after GC invocations=7 (full 1):
 PSYoungGen      total 243200K, used 7705K [0x00000000e0000000, 0x00000000f0700000, 0x0000000100000000)
  eden space 228864K, 0% used [0x00000000e0000000,0x00000000e0000000,0x00000000edf80000)
  from space 14336K, 53% used [0x00000000eed80000,0x00000000ef506730,0x00000000efb80000)
  to   space 14336K, 0% used [0x00000000edf80000,0x00000000edf80000,0x00000000eed80000)
 ParOldGen       total 80896K, used 8430K [0x00000000a0000000, 0x00000000a4f00000, 0x00000000e0000000)
  object space 80896K, 10% used [0x00000000a0000000,0x00000000a083b8d8,0x00000000a4f00000)
 Metaspace       used 34426K, capacity 35140K, committed 35416K, reserved 1079296K
  class space    used 4801K, capacity 5018K, committed 5120K, reserved 1048576K
}
Event: 6.460 GC heap before
{Heap before GC invocations=8 (full 2):
 PSYoungGen      total 243200K, used 7705K [0x00000000e0000000, 0x00000000f0700000, 0x0000000100000000)
  eden space 228864K, 0% used [0x00000000e0000000,0x00000000e0000000,0x00000000edf80000)
  from space 14336K, 53% used [0x00000000eed80000,0x00000000ef506730,0x00000000efb80000)
  to   space 14336K, 0% used [0x00000000edf80000,0x00000000edf80000,0x00000000eed80000)
 ParOldGen       total 80896K, used 8430K [0x00000000a0000000, 0x00000000a4f00000, 0x00000000e0000000)
  object space 80896K, 10% used [0x00000000a0000000,0x00000000a083b8d8,0x00000000a4f00000)
 Metaspace       used 34426K, capacity 35140K, committed 35416K, reserved 1079296K
  class space    used 4801K, capacity 5018K, committed 5120K, reserved 1048576K
Event: 6.511 GC heap after
Heap after GC invocations=8 (full 2):
 PSYoungGen      total 243200K, used 0K [0x00000000e0000000, 0x00000000f0700000, 0x0000000100000000)
  eden space 228864K, 0% used [0x00000000e0000000,0x00000000e0000000,0x00000000edf80000)
  from space 14336K, 0% used [0x00000000eed80000,0x00000000eed80000,0x00000000efb80000)
  to   space 14336K, 0% used [0x00000000edf80000,0x00000000edf80000,0x00000000eed80000)
 ParOldGen       total 100352K, used 14152K [0x00000000a0000000, 0x00000000a6200000, 0x00000000e0000000)
  object space 100352K, 14% used [0x00000000a0000000,0x00000000a0dd2020,0x00000000a6200000)
 Metaspace       used 34426K, capacity 35140K, committed 35416K, reserved 1079296K
  class space    used 4801K, capacity 5018K, committed 5120K, reserved 1048576K
}
Event: 8.867 GC heap before
{Heap before GC invocations=9 (full 2):
 PSYoungGen      total 243200K, used 228864K [0x00000000e0000000, 0x00000000f0700000, 0x0000000100000000)
  eden space 228864K, 100% used [0x00000000e0000000,0x00000000edf80000,0x00000000edf80000)
  from space 14336K, 0% used [0x00000000eed80000,0x00000000eed80000,0x00000000efb80000)
  to   space 14336K, 0% used [0x00000000edf80000,0x00000000edf80000,0x00000000eed80000)
 ParOldGen       total 100352K, used 14152K [0x00000000a0000000, 0x00000000a6200000, 0x00000000e0000000)
  object space 100352K, 14% used [0x00000000a0000000,0x00000000a0dd2020,0x00000000a6200000)
 Metaspace       used 47218K, capacity 48306K, committed 48640K, reserved 1091584K
  class space    used 6461K, capacity 6801K, committed 6912K, reserved 1048576K
Event: 8.890 GC heap after
Heap after GC invocations=9 (full 2):
 PSYoungGen      total 243200K, used 14320K [0x00000000e0000000, 0x00000000fb880000, 0x0000000100000000)
  eden space 228864K, 0% used [0x00000000e0000000,0x00000000e0000000,0x00000000edf80000)
  from space 14336K, 99% used [0x00000000edf80000,0x00000000eed7c158,0x00000000eed80000)
  to   space 18944K, 0% used [0x00000000fa600000,0x00000000fa600000,0x00000000fb880000)
 ParOldGen       total 100352K, used 19885K [0x00000000a0000000, 0x00000000a6200000, 0x00000000e0000000)
  object space 100352K, 19% used [0x00000000a0000000,0x00000000a136b4d8,0x00000000a6200000)
 Metaspace       used 47218K, capacity 48306K, committed 48640K, reserved 1091584K
  class space    used 6461K, capacity 6801K, committed 6912K, reserved 1048576K
}
Event: 11.096 GC heap before
{Heap before GC invocations=10 (full 2):
 PSYoungGen      total 243200K, used 243184K [0x00000000e0000000, 0x00000000fb880000, 0x0000000100000000)
  eden space 228864K, 100% used [0x00000000e0000000,0x00000000edf80000,0x00000000edf80000)
  from space 14336K, 99% used [0x00000000edf80000,0x00000000eed7c158,0x00000000eed80000)
  to   space 18944K, 0% used [0x00000000fa600000,0x00000000fa600000,0x00000000fb880000)
 ParOldGen       total 100352K, used 19885K [0x00000000a0000000, 0x00000000a6200000, 0x00000000e0000000)
  object space 100352K, 19% used [0x00000000a0000000,0x00000000a136b4d8,0x00000000a6200000)
 Metaspace       used 53897K, capacity 55720K, committed 56064K, reserved 1097728K
  class space    used 7460K, capacity 7865K, committed 7936K, reserved 1048576K
Event: 11.122 GC heap after
Heap after GC invocations=10 (full 2):
 PSYoungGen      total 423936K, used 18934K [0x00000000e0000000, 0x00000000fbd80000, 0x0000000100000000)
  eden space 404992K, 0% used [0x00000000e0000000,0x00000000e0000000,0x00000000f8b80000)
  from space 18944K, 99% used [0x00000000fa600000,0x00000000fb87d9d0,0x00000000fb880000)
  to   space 25600K, 0% used [0x00000000f8b80000,0x00000000f8b80000,0x00000000fa480000)
 ParOldGen       total 100352K, used 28478K [0x00000000a0000000, 0x00000000a6200000, 0x00000000e0000000)
  object space 100352K, 28% used [0x00000000a0000000,0x00000000a1bcf810,0x00000000a6200000)
 Metaspace       used 53897K, capacity 55720K, committed 56064K, reserved 1097728K
  class space    used 7460K, capacity 7865K, committed 7936K, reserved 1048576K
}

